# JRE version: OpenJDK Runtime Environment (21.0.2+13) (build 21.0.2+13-58)
# Java VM: OpenJDK 64-Bit Server VM (21.0.2+13-58, mixed mode, sharing, tiered, compressed oops, compressed class ptrs, g1 gc, windows-amd64)
GC Precious Log:
 CardTable entry size: 512
 Card Set container configuration: InlinePtr #cards 5 size 8 Array Of Cards #cards 12 size 40 Howl #buckets 4 coarsen threshold 1843 Howl Bitmap #cards 512 size 80 coarsen threshold 460 Card regions per heap region 1 cards per card region 2048
 CPUs: 8 total, 8 available
 Memory: 16107M
 Large Page Support: Disabled
 NUMA Support: Disabled
 Compressed Oops: Enabled (32-bit)
 Heap Region Size: 1M
 Heap Min Capacity: 8M
 Heap Initial Capacity: 252M
 Heap Max Capacity: 1G
 Pre-touch: Disabled
 Parallel Workers: 8
 Concurrent Workers: 2
 Concurrent Refinement Workers: 8
 Periodic GC: Disabled
Heap:
 garbage-first heap   total 337920K, used 139164K [0x00000000c0000000, 0x0000000100000000)
  region size 1024K, 74 young (75776K), 9 survivors (9216K)
 Metaspace       used 9882K, committed 10112K, reserved 1114112K
  class space    used 1462K, committed 1600K, reserved 1048576K
GC Heap History (20 events):
Event: 1.839 GC heap after
{Heap after GC invocations=20 (full 6):
 garbage-first heap   total 89088K, used 30114K [0x00000000c0000000, 0x0000000100000000)
  region size 1024K, 0 young (0K), 0 survivors (0K)
 Metaspace       used 8069K, committed 8256K, reserved 1114112K
  class space    used 1193K, committed 1280K, reserved 1048576K
}
Event: 1.964 GC heap before
{Heap before GC invocations=20 (full 6):
 garbage-first heap   total 89088K, used 79266K [0x00000000c0000000, 0x0000000100000000)
  region size 1024K, 41 young (41984K), 0 survivors (0K)
 Metaspace       used 8074K, committed 8256K, reserved 1114112K
  class space    used 1193K, committed 1280K, reserved 1048576K
}
Event: 1.979 GC heap after
{Heap after GC invocations=21 (full 6):
 garbage-first heap   total 91136K, used 47744K [0x00000000c0000000, 0x0000000100000000)
  region size 1024K, 6 young (6144K), 6 survivors (6144K)
 Metaspace       used 8074K, committed 8256K, reserved 1114112K
  class space    used 1193K, committed 1280K, reserved 1048576K
}
Event: 1.984 GC heap before
{Heap before GC invocations=21 (full 6):
 garbage-first heap   total 91136K, used 48768K [0x00000000c0000000, 0x0000000100000000)
  region size 1024K, 8 young (8192K), 6 survivors (6144K)
 Metaspace       used 8074K, committed 8256K, reserved 1114112K
  class space    used 1193K, committed 1280K, reserved 1048576K
}
Event: 1.992 GC heap after
{Heap after GC invocations=22 (full 6):
 garbage-first heap   total 91136K, used 48546K [0x00000000c0000000, 0x0000000100000000)
  region size 1024K, 1 young (1024K), 1 survivors (1024K)
 Metaspace       used 8074K, committed 8256K, reserved 1114112K
  class space    used 1193K, committed 1280K, reserved 1048576K
}
Event: 2.167 GC heap before
{Heap before GC invocations=23 (full 6):
 garbage-first heap   total 97280K, used 76194K [0x00000000c0000000, 0x0000000100000000)
  region size 1024K, 26 young (26624K), 1 survivors (1024K)
 Metaspace       used 8906K, committed 9216K, reserved 1114112K
  class space    used 1337K, committed 1472K, reserved 1048576K
}
Event: 2.177 GC heap after
{Heap after GC invocations=24 (full 6):
 garbage-first heap   total 97280K, used 56218K [0x00000000c0000000, 0x0000000100000000)
  region size 1024K, 4 young (4096K), 4 survivors (4096K)
 Metaspace       used 8906K, committed 9216K, reserved 1114112K
  class space    used 1337K, committed 1472K, reserved 1048576K
}
Event: 2.351 GC heap before
{Heap before GC invocations=24 (full 6):
 garbage-first heap   total 97280K, used 80794K [0x00000000c0000000, 0x0000000100000000)
  region size 1024K, 28 young (28672K), 4 survivors (4096K)
 Metaspace       used 9558K, committed 9792K, reserved 1114112K
  class space    used 1406K, committed 1536K, reserved 1048576K
}
Event: 2.369 GC heap after
{Heap after GC invocations=25 (full 6):
 garbage-first heap   total 291840K, used 61104K [0x00000000c0000000, 0x0000000100000000)
  region size 1024K, 4 young (4096K), 4 survivors (4096K)
 Metaspace       used 9558K, committed 9792K, reserved 1114112K
  class space    used 1406K, committed 1536K, reserved 1048576K
}
Event: 2.998 GC heap before
{Heap before GC invocations=25 (full 6):
 garbage-first heap   total 291840K, used 215728K [0x00000000c0000000, 0x0000000100000000)
  region size 1024K, 155 young (158720K), 4 survivors (4096K)
 Metaspace       used 9764K, committed 9984K, reserved 1114112K
  class space    used 1421K, committed 1536K, reserved 1048576K
}
Event: 3.001 GC heap after
{Heap after GC invocations=26 (full 6):
 garbage-first heap   total 291840K, used 61406K [0x00000000c0000000, 0x0000000100000000)
  region size 1024K, 5 young (5120K), 5 survivors (5120K)
 Metaspace       used 9764K, committed 9984K, reserved 1114112K
  class space    used 1421K, committed 1536K, reserved 1048576K
}
Event: 3.081 GC heap before
{Heap before GC invocations=26 (full 6):
 garbage-first heap   total 291840K, used 101342K [0x00000000c0000000, 0x0000000100000000)
  region size 1024K, 45 young (46080K), 5 survivors (5120K)
 Metaspace       used 9764K, committed 9984K, reserved 1114112K
  class space    used 1421K, committed 1536K, reserved 1048576K
}
Event: 3.107 GC heap after
{Heap after GC invocations=27 (full 7):
 garbage-first heap   total 167936K, used 47004K [0x00000000c0000000, 0x0000000100000000)
  region size 1024K, 0 young (0K), 0 survivors (0K)
 Metaspace       used 9764K, committed 9984K, reserved 1114112K
  class space    used 1421K, committed 1536K, reserved 1048576K
}
Event: 3.267 GC heap before
{Heap before GC invocations=27 (full 7):
 garbage-first heap   total 167936K, used 145308K [0x00000000c0000000, 0x0000000100000000)
  region size 1024K, 96 young (98304K), 0 survivors (0K)
 Metaspace       used 9796K, committed 9984K, reserved 1114112K
  class space    used 1427K, committed 1536K, reserved 1048576K
}
Event: 3.280 GC heap after
{Heap after GC invocations=28 (full 7):
 garbage-first heap   total 167936K, used 59292K [0x00000000c0000000, 0x0000000100000000)
  region size 1024K, 12 young (12288K), 12 survivors (12288K)
 Metaspace       used 9796K, committed 9984K, reserved 1114112K
  class space    used 1427K, committed 1536K, reserved 1048576K
}
Event: 3.375 GC heap before
{Heap before GC invocations=28 (full 7):
 garbage-first heap   total 167936K, used 142236K [0x00000000c0000000, 0x0000000100000000)
  region size 1024K, 93 young (95232K), 12 survivors (12288K)
 Metaspace       used 9880K, committed 10112K, reserved 1114112K
  class space    used 1462K, committed 1600K, reserved 1048576K
}
Event: 3.391 GC heap after
{Heap after GC invocations=29 (full 7):
 garbage-first heap   total 167936K, used 64378K [0x00000000c0000000, 0x0000000100000000)
  region size 1024K, 9 young (9216K), 9 survivors (9216K)
 Metaspace       used 9880K, committed 10112K, reserved 1114112K
  class space    used 1462K, committed 1600K, reserved 1048576K
}
Event: 3.470 GC heap before
{Heap before GC invocations=29 (full 7):
 garbage-first heap   total 167936K, used 141178K [0x00000000c0000000, 0x0000000100000000)
  region size 1024K, 84 young (86016K), 9 survivors (9216K)
 Metaspace       used 9882K, committed 10112K, reserved 1114112K
  class space    used 1462K, committed 1600K, reserved 1048576K
}
Event: 3.491 GC heap after
{Heap after GC invocations=30 (full 7):
 garbage-first heap   total 337920K, used 73628K [0x00000000c0000000, 0x0000000100000000)
  region size 1024K, 9 young (9216K), 9 survivors (9216K)
 Metaspace       used 9882K, committed 10112K, reserved 1114112K
  class space    used 1462K, committed 1600K, reserved 1048576K
}
Event: 3.574 GC heap before
{Heap before GC invocations=30 (full 7):
 garbage-first heap   total 337920K, used 139164K [0x00000000c0000000, 0x0000000100000000)
  region size 1024K, 74 young (75776K), 9 survivors (9216K)
 Metaspace       used 9882K, committed 10112K, reserved 1114112K
  class space    used 1462K, committed 1600K, reserved 1048576K
}

