# JRE version: OpenJDK Runtime Environment (21.0.2+13) (build 21.0.2+13-58)
# Java VM: OpenJDK 64-Bit Server VM (21.0.2+13-58, mixed mode, sharing, tiered, compressed oops, compressed class ptrs, g1 gc, windows-amd64)
GC Precious Log:
 CardTable entry size: 512
 Card Set container configuration: InlinePtr #cards 5 size 8 Array Of Cards #cards 12 size 40 Howl #buckets 4 coarsen threshold 1843 Howl Bitmap #cards 512 size 80 coarsen threshold 460 Card regions per heap region 1 cards per card region 2048
 CPUs: 8 total, 8 available
 Memory: 16107M
 Large Page Support: Disabled
 NUMA Support: Disabled
 Compressed Oops: Enabled (32-bit)
 Heap Region Size: 1M
 Heap Min Capacity: 8M
 Heap Initial Capacity: 252M
 Heap Max Capacity: 1G
 Pre-touch: Disabled
 Parallel Workers: 8
 Concurrent Workers: 2
 Concurrent Refinement Workers: 8
 Periodic GC: Disabled
Heap:
 garbage-first heap   total 164864K, used 73551K [0x00000000c0000000, 0x0000000100000000)
  region size 1024K, 10 young (10240K), 10 survivors (10240K)
 Metaspace       used 9878K, committed 10112K, reserved 1114112K
  class space    used 1462K, committed 1600K, reserved 1048576K
GC Heap History (20 events):
Event: 1.427 GC heap after
{Heap after GC invocations=14 (full 3):
 garbage-first heap   total 145408K, used 28322K [0x00000000c0000000, 0x0000000100000000)
  region size 1024K, 10 young (10240K), 10 survivors (10240K)
 Metaspace       used 7889K, committed 8064K, reserved 1114112K
  class space    used 1144K, committed 1216K, reserved 1048576K
}
Event: 1.510 GC heap before
{Heap before GC invocations=14 (full 3):
 garbage-first heap   total 145408K, used 47778K [0x00000000c0000000, 0x0000000100000000)
  region size 1024K, 28 young (28672K), 10 survivors (10240K)
 Metaspace       used 8057K, committed 8256K, reserved 1114112K
  class space    used 1194K, committed 1280K, reserved 1048576K
}
Event: 1.532 GC heap after
{Heap after GC invocations=15 (full 4):
 garbage-first heap   total 81920K, used 22513K [0x00000000c0000000, 0x0000000100000000)
  region size 1024K, 0 young (0K), 0 survivors (0K)
 Metaspace       used 8057K, committed 8256K, reserved 1114112K
  class space    used 1194K, committed 1280K, reserved 1048576K
}
Event: 1.579 GC heap before
{Heap before GC invocations=15 (full 4):
 garbage-first heap   total 81920K, used 61425K [0x00000000c0000000, 0x0000000100000000)
  region size 1024K, 38 young (38912K), 0 survivors (0K)
 Metaspace       used 8057K, committed 8256K, reserved 1114112K
  class space    used 1194K, committed 1280K, reserved 1048576K
}
Event: 1.589 GC heap after
{Heap after GC invocations=16 (full 4):
 garbage-first heap   total 81920K, used 26609K [0x00000000c0000000, 0x0000000100000000)
  region size 1024K, 4 young (4096K), 4 survivors (4096K)
 Metaspace       used 8057K, committed 8256K, reserved 1114112K
  class space    used 1194K, committed 1280K, reserved 1048576K
}
Event: 1.630 GC heap before
{Heap before GC invocations=16 (full 4):
 garbage-first heap   total 81920K, used 64497K [0x00000000c0000000, 0x0000000100000000)
  region size 1024K, 41 young (41984K), 4 survivors (4096K)
 Metaspace       used 8057K, committed 8256K, reserved 1114112K
  class space    used 1194K, committed 1280K, reserved 1048576K
}
Event: 1.642 GC heap after
{Heap after GC invocations=17 (full 4):
 garbage-first heap   total 81920K, used 29558K [0x00000000c0000000, 0x0000000100000000)
  region size 1024K, 4 young (4096K), 4 survivors (4096K)
 Metaspace       used 8057K, committed 8256K, reserved 1114112K
  class space    used 1194K, committed 1280K, reserved 1048576K
}
Event: 1.685 GC heap before
{Heap before GC invocations=17 (full 4):
 garbage-first heap   total 81920K, used 66422K [0x00000000c0000000, 0x0000000100000000)
  region size 1024K, 40 young (40960K), 4 survivors (4096K)
 Metaspace       used 8057K, committed 8256K, reserved 1114112K
  class space    used 1194K, committed 1280K, reserved 1048576K
}
Event: 1.696 GC heap after
{Heap after GC invocations=18 (full 4):
 garbage-first heap   total 217088K, used 32513K [0x00000000c0000000, 0x0000000100000000)
  region size 1024K, 4 young (4096K), 4 survivors (4096K)
 Metaspace       used 8057K, committed 8256K, reserved 1114112K
  class space    used 1194K, committed 1280K, reserved 1048576K
}
Event: 2.699 GC heap before
{Heap before GC invocations=18 (full 4):
 garbage-first heap   total 217088K, used 171777K [0x00000000c0000000, 0x0000000100000000)
  region size 1024K, 127 young (130048K), 4 survivors (4096K)
 Metaspace       used 9747K, committed 9984K, reserved 1114112K
  class space    used 1421K, committed 1536K, reserved 1048576K
}
Event: 2.725 GC heap after
{Heap after GC invocations=19 (full 4):
 garbage-first heap   total 217088K, used 61405K [0x00000000c0000000, 0x0000000100000000)
  region size 1024K, 16 young (16384K), 16 survivors (16384K)
 Metaspace       used 9747K, committed 9984K, reserved 1114112K
  class space    used 1421K, committed 1536K, reserved 1048576K
}
Event: 2.860 GC heap before
{Heap before GC invocations=19 (full 4):
 garbage-first heap   total 217088K, used 104413K [0x00000000c0000000, 0x0000000100000000)
  region size 1024K, 59 young (60416K), 16 survivors (16384K)
 Metaspace       used 9762K, committed 9984K, reserved 1114112K
  class space    used 1421K, committed 1536K, reserved 1048576K
}
Event: 2.893 GC heap after
{Heap after GC invocations=20 (full 5):
 garbage-first heap   total 163840K, used 46450K [0x00000000c0000000, 0x0000000100000000)
  region size 1024K, 0 young (0K), 0 survivors (0K)
 Metaspace       used 9762K, committed 9984K, reserved 1114112K
  class space    used 1421K, committed 1536K, reserved 1048576K
}
Event: 3.106 GC heap before
{Heap before GC invocations=20 (full 5):
 garbage-first heap   total 163840K, used 136562K [0x00000000c0000000, 0x0000000100000000)
  region size 1024K, 88 young (90112K), 0 survivors (0K)
 Metaspace       used 9762K, committed 9984K, reserved 1114112K
  class space    used 1421K, committed 1536K, reserved 1048576K
}
Event: 3.108 GC heap after
{Heap after GC invocations=21 (full 5):
 garbage-first heap   total 163840K, used 47986K [0x00000000c0000000, 0x0000000100000000)
  region size 1024K, 2 young (2048K), 2 survivors (2048K)
 Metaspace       used 9762K, committed 9984K, reserved 1114112K
  class space    used 1421K, committed 1536K, reserved 1048576K
}
Event: 3.293 GC heap before
{Heap before GC invocations=21 (full 5):
 garbage-first heap   total 163840K, used 140146K [0x00000000c0000000, 0x0000000100000000)
  region size 1024K, 92 young (94208K), 2 survivors (2048K)
 Metaspace       used 9791K, committed 9984K, reserved 1114112K
  class space    used 1427K, committed 1536K, reserved 1048576K
}
Event: 3.309 GC heap after
{Heap after GC invocations=22 (full 5):
 garbage-first heap   total 163840K, used 57608K [0x00000000c0000000, 0x0000000100000000)
  region size 1024K, 11 young (11264K), 11 survivors (11264K)
 Metaspace       used 9791K, committed 9984K, reserved 1114112K
  class space    used 1427K, committed 1536K, reserved 1048576K
}
Event: 3.487 GC heap before
{Heap before GC invocations=22 (full 5):
 garbage-first heap   total 163840K, used 141576K [0x00000000c0000000, 0x0000000100000000)
  region size 1024K, 93 young (95232K), 11 survivors (11264K)
 Metaspace       used 9875K, committed 10112K, reserved 1114112K
  class space    used 1462K, committed 1600K, reserved 1048576K
}
Event: 3.510 GC heap after
{Heap after GC invocations=23 (full 5):
 garbage-first heap   total 164864K, used 66540K [0x00000000c0000000, 0x0000000100000000)
  region size 1024K, 10 young (10240K), 10 survivors (10240K)
 Metaspace       used 9875K, committed 10112K, reserved 1114112K
  class space    used 1462K, committed 1600K, reserved 1048576K
}
Event: 3.584 GC heap before
{Heap before GC invocations=23 (full 5):
 garbage-first heap   total 164864K, used 142316K [0x00000000c0000000, 0x0000000100000000)
  region size 1024K, 84 young (86016K), 10 survivors (10240K)
 Metaspace       used 9878K, committed 10112K, reserved 1114112K
  class space    used 1462K, committed 1600K, reserved 1048576K
}

