# JRE version: OpenJDK Runtime Environment (21.0.2+13) (build 21.0.2+13-58)
# Java VM: OpenJDK 64-Bit Server VM (21.0.2+13-58, mixed mode, sharing, tiered, compressed oops, compressed class ptrs, g1 gc, windows-amd64)
GC Precious Log:
 CardTable entry size: 512
 Card Set container configuration: InlinePtr #cards 5 size 8 Array Of Cards #cards 12 size 40 Howl #buckets 4 coarsen threshold 1843 Howl Bitmap #cards 512 size 80 coarsen threshold 460 Card regions per heap region 1 cards per card region 2048
 CPUs: 8 total, 8 available
 Memory: 16107M
 Large Page Support: Disabled
 NUMA Support: Disabled
 Compressed Oops: Enabled (32-bit)
 Heap Region Size: 1M
 Heap Min Capacity: 8M
 Heap Initial Capacity: 252M
 Heap Max Capacity: 1G
 Pre-touch: Disabled
 Parallel Workers: 8
 Concurrent Workers: 2
 Concurrent Refinement Workers: 8
 Periodic GC: Disabled
Heap:
 garbage-first heap   total 434176K, used 136481K [0x00000000c0000000, 0x0000000100000000)
  region size 1024K, 53 young (54272K), 6 survivors (6144K)
 Metaspace       used 10180K, committed 10432K, reserved 1114112K
  class space    used 1493K, committed 1600K, reserved 1048576K
GC Heap History (20 events):
Event: 2.631 GC heap after
{Heap after GC invocations=21 (full 5):
 garbage-first heap   total 110592K, used 62070K [0x00000000c0000000, 0x0000000100000000)
  region size 1024K, 6 young (6144K), 6 survivors (6144K)
 Metaspace       used 8903K, committed 9216K, reserved 1114112K
  class space    used 1337K, committed 1472K, reserved 1048576K
}
Event: 2.943 GC heap before
{Heap before GC invocations=21 (full 5):
 garbage-first heap   total 110592K, used 92790K [0x00000000c0000000, 0x0000000100000000)
  region size 1024K, 36 young (36864K), 6 survivors (6144K)
 Metaspace       used 9723K, committed 9920K, reserved 1114112K
  class space    used 1421K, committed 1536K, reserved 1048576K
}
Event: 2.954 GC heap after
{Heap after GC invocations=22 (full 5):
 garbage-first heap   total 110592K, used 63250K [0x00000000c0000000, 0x0000000100000000)
  region size 1024K, 1 young (1024K), 1 survivors (1024K)
 Metaspace       used 9723K, committed 9920K, reserved 1114112K
  class space    used 1421K, committed 1536K, reserved 1048576K
}
Event: 3.102 GC heap before
{Heap before GC invocations=23 (full 5):
 garbage-first heap   total 110592K, used 86015K [0x00000000c0000000, 0x0000000100000000)
  region size 1024K, 32 young (32768K), 1 survivors (1024K)
 Metaspace       used 9725K, committed 9920K, reserved 1114112K
  class space    used 1421K, committed 1536K, reserved 1048576K
}
Event: 3.104 GC heap after
{Heap after GC invocations=24 (full 5):
 garbage-first heap   total 110592K, used 54246K [0x00000000c0000000, 0x0000000100000000)
  region size 1024K, 1 young (1024K), 1 survivors (1024K)
 Metaspace       used 9725K, committed 9920K, reserved 1114112K
  class space    used 1421K, committed 1536K, reserved 1048576K
}
Event: 3.294 GC heap before
{Heap before GC invocations=24 (full 5):
 garbage-first heap   total 110592K, used 96230K [0x00000000c0000000, 0x0000000100000000)
  region size 1024K, 42 young (43008K), 1 survivors (1024K)
 Metaspace       used 9735K, committed 9984K, reserved 1114112K
  class space    used 1421K, committed 1536K, reserved 1048576K
}
Event: 3.299 GC heap after
{Heap after GC invocations=25 (full 5):
 garbage-first heap   total 245760K, used 52482K [0x00000000c0000000, 0x0000000100000000)
  region size 1024K, 2 young (2048K), 2 survivors (2048K)
 Metaspace       used 9735K, committed 9984K, reserved 1114112K
  class space    used 1421K, committed 1536K, reserved 1048576K
}
Event: 3.833 GC heap before
{Heap before GC invocations=25 (full 5):
 garbage-first heap   total 245760K, used 197890K [0x00000000c0000000, 0x0000000100000000)
  region size 1024K, 144 young (147456K), 2 survivors (2048K)
 Metaspace       used 9789K, committed 9984K, reserved 1114112K
  class space    used 1427K, committed 1536K, reserved 1048576K
}
Event: 3.841 GC heap after
{Heap after GC invocations=26 (full 5):
 garbage-first heap   total 245760K, used 58487K [0x00000000c0000000, 0x0000000100000000)
  region size 1024K, 7 young (7168K), 7 survivors (7168K)
 Metaspace       used 9789K, committed 9984K, reserved 1114112K
  class space    used 1427K, committed 1536K, reserved 1048576K
}
Event: 3.940 GC heap before
{Heap before GC invocations=26 (full 5):
 garbage-first heap   total 245760K, used 122999K [0x00000000c0000000, 0x0000000100000000)
  region size 1024K, 71 young (72704K), 7 survivors (7168K)
 Metaspace       used 9791K, committed 9984K, reserved 1114112K
  class space    used 1427K, committed 1536K, reserved 1048576K
}
Event: 4.030 GC heap after
{Heap after GC invocations=27 (full 6):
 garbage-first heap   total 208896K, used 59691K [0x00000000c0000000, 0x0000000100000000)
  region size 1024K, 0 young (0K), 0 survivors (0K)
 Metaspace       used 9791K, committed 9984K, reserved 1114112K
  class space    used 1427K, committed 1536K, reserved 1048576K
}
Event: 4.208 GC heap before
{Heap before GC invocations=27 (full 6):
 garbage-first heap   total 208896K, used 184619K [0x00000000c0000000, 0x0000000100000000)
  region size 1024K, 122 young (124928K), 0 survivors (0K)
 Metaspace       used 9880K, committed 10112K, reserved 1114112K
  class space    used 1462K, committed 1600K, reserved 1048576K
}
Event: 4.227 GC heap after
{Heap after GC invocations=28 (full 6):
 garbage-first heap   total 208896K, used 75051K [0x00000000c0000000, 0x0000000100000000)
  region size 1024K, 15 young (15360K), 15 survivors (15360K)
 Metaspace       used 9880K, committed 10112K, reserved 1114112K
  class space    used 1462K, committed 1600K, reserved 1048576K
}
Event: 4.349 GC heap before
{Heap before GC invocations=28 (full 6):
 garbage-first heap   total 208896K, used 179499K [0x00000000c0000000, 0x0000000100000000)
  region size 1024K, 117 young (119808K), 15 survivors (15360K)
 Metaspace       used 9881K, committed 10112K, reserved 1114112K
  class space    used 1462K, committed 1600K, reserved 1048576K
}
Event: 4.372 GC heap after
{Heap after GC invocations=29 (full 6):
 garbage-first heap   total 209920K, used 87339K [0x00000000c0000000, 0x0000000100000000)
  region size 1024K, 13 young (13312K), 13 survivors (13312K)
 Metaspace       used 9881K, committed 10112K, reserved 1114112K
  class space    used 1462K, committed 1600K, reserved 1048576K
}
Event: 4.610 GC heap before
{Heap before GC invocations=29 (full 6):
 garbage-first heap   total 209920K, used 182571K [0x00000000c0000000, 0x0000000100000000)
  region size 1024K, 106 young (108544K), 13 survivors (13312K)
 Metaspace       used 10177K, committed 10432K, reserved 1114112K
  class space    used 1493K, committed 1600K, reserved 1048576K
}
Event: 4.623 GC heap after
{Heap after GC invocations=30 (full 6):
 garbage-first heap   total 209920K, used 89377K [0x00000000c0000000, 0x0000000100000000)
  region size 1024K, 6 young (6144K), 6 survivors (6144K)
 Metaspace       used 10177K, committed 10432K, reserved 1114112K
  class space    used 1493K, committed 1600K, reserved 1048576K
}
Event: 4.776 GC heap before
{Heap before GC invocations=30 (full 6):
 garbage-first heap   total 209920K, used 184609K [0x00000000c0000000, 0x0000000100000000)
  region size 1024K, 99 young (101376K), 6 survivors (6144K)
 Metaspace       used 10180K, committed 10432K, reserved 1114112K
  class space    used 1493K, committed 1600K, reserved 1048576K
}
Event: 4.802 GC heap after
{Heap after GC invocations=31 (full 6):
 garbage-first heap   total 434176K, used 89377K [0x00000000c0000000, 0x0000000100000000)
  region size 1024K, 6 young (6144K), 6 survivors (6144K)
 Metaspace       used 10180K, committed 10432K, reserved 1114112K
  class space    used 1493K, committed 1600K, reserved 1048576K
}
Event: 4.918 GC heap before
{Heap before GC invocations=31 (full 6):
 garbage-first heap   total 434176K, used 136481K [0x00000000c0000000, 0x0000000100000000)
  region size 1024K, 53 young (54272K), 6 survivors (6144K)
 Metaspace       used 10180K, committed 10432K, reserved 1114112K
  class space    used 1493K, committed 1600K, reserved 1048576K
}

