# JRE version: OpenJDK Runtime Environment (21.0.2+13) (build 21.0.2+13-58)
# Java VM: OpenJDK 64-Bit Server VM (21.0.2+13-58, mixed mode, sharing, tiered, compressed oops, compressed class ptrs, g1 gc, windows-amd64)
GC Precious Log:
 CardTable entry size: 512
 Card Set container configuration: InlinePtr #cards 5 size 8 Array Of Cards #cards 12 size 40 Howl #buckets 4 coarsen threshold 1843 Howl Bitmap #cards 512 size 80 coarsen threshold 460 Card regions per heap region 1 cards per card region 2048
 CPUs: 8 total, 8 available
 Memory: 16107M
 Large Page Support: Disabled
 NUMA Support: Disabled
 Compressed Oops: Enabled (32-bit)
 Heap Region Size: 1M
 Heap Min Capacity: 8M
 Heap Initial Capacity: 252M
 Heap Max Capacity: 1G
 Pre-touch: Disabled
 Parallel Workers: 8
 Concurrent Workers: 2
 Concurrent Refinement Workers: 8
 Periodic GC: Disabled
Heap:
 garbage-first heap   total 460800K, used 143806K [0x00000000c0000000, 0x0000000100000000)
  region size 1024K, 69 young (70656K), 9 survivors (9216K)
 Metaspace       used 9905K, committed 10176K, reserved 1114112K
  class space    used 1463K, committed 1600K, reserved 1048576K
GC Heap History (20 events):
Event: 1.980 GC heap after
{Heap after GC invocations=22 (full 6):
 garbage-first heap   total 117760K, used 59676K [0x00000000c0000000, 0x0000000100000000)
  region size 1024K, 1 young (1024K), 1 survivors (1024K)
 Metaspace       used 8894K, committed 9152K, reserved 1114112K
  class space    used 1337K, committed 1472K, reserved 1048576K
}
Event: 2.226 GC heap before
{Heap before GC invocations=23 (full 6):
 garbage-first heap   total 117760K, used 93468K [0x00000000c0000000, 0x0000000100000000)
  region size 1024K, 37 young (37888K), 1 survivors (1024K)
 Metaspace       used 9682K, committed 9920K, reserved 1114112K
  class space    used 1422K, committed 1536K, reserved 1048576K
}
Event: 2.230 GC heap after
{Heap after GC invocations=24 (full 6):
 garbage-first heap   total 117760K, used 58059K [0x00000000c0000000, 0x0000000100000000)
  region size 1024K, 3 young (3072K), 3 survivors (3072K)
 Metaspace       used 9682K, committed 9920K, reserved 1114112K
  class space    used 1422K, committed 1536K, reserved 1048576K
}
Event: 2.333 GC heap before
{Heap before GC invocations=24 (full 6):
 garbage-first heap   total 117760K, used 97995K [0x00000000c0000000, 0x0000000100000000)
  region size 1024K, 42 young (43008K), 3 survivors (3072K)
 Metaspace       used 9707K, committed 9920K, reserved 1114112K
  class space    used 1422K, committed 1536K, reserved 1048576K
}
Event: 2.337 GC heap after
{Heap after GC invocations=25 (full 6):
 garbage-first heap   total 117760K, used 58420K [0x00000000c0000000, 0x0000000100000000)
  region size 1024K, 3 young (3072K), 3 survivors (3072K)
 Metaspace       used 9707K, committed 9920K, reserved 1114112K
  class space    used 1422K, committed 1536K, reserved 1048576K
}
Event: 2.418 GC heap before
{Heap before GC invocations=25 (full 6):
 garbage-first heap   total 117760K, used 101428K [0x00000000c0000000, 0x0000000100000000)
  region size 1024K, 45 young (46080K), 3 survivors (3072K)
 Metaspace       used 9721K, committed 9984K, reserved 1114112K
  class space    used 1422K, committed 1536K, reserved 1048576K
}
Event: 2.422 GC heap after
{Heap after GC invocations=26 (full 6):
 garbage-first heap   total 237568K, used 58458K [0x00000000c0000000, 0x0000000100000000)
  region size 1024K, 3 young (3072K), 3 survivors (3072K)
 Metaspace       used 9721K, committed 9984K, reserved 1114112K
  class space    used 1422K, committed 1536K, reserved 1048576K
}
Event: 2.508 GC heap before
{Heap before GC invocations=27 (full 6):
 garbage-first heap   total 222208K, used 81256K [0x00000000c0000000, 0x0000000100000000)
  region size 1024K, 32 young (32768K), 3 survivors (3072K)
 Metaspace       used 9724K, committed 9984K, reserved 1114112K
  class space    used 1422K, committed 1536K, reserved 1048576K
}
Event: 2.546 GC heap after
{Heap after GC invocations=28 (full 7):
 garbage-first heap   total 163840K, used 46526K [0x00000000c0000000, 0x0000000100000000)
  region size 1024K, 0 young (0K), 0 survivors (0K)
 Metaspace       used 9724K, committed 9984K, reserved 1114112K
  class space    used 1422K, committed 1536K, reserved 1048576K
}
Event: 2.739 GC heap before
{Heap before GC invocations=28 (full 7):
 garbage-first heap   total 163840K, used 133566K [0x00000000c0000000, 0x0000000100000000)
  region size 1024K, 85 young (87040K), 0 survivors (0K)
 Metaspace       used 9774K, committed 9984K, reserved 1114112K
  class space    used 1426K, committed 1536K, reserved 1048576K
}
Event: 2.742 GC heap after
{Heap after GC invocations=29 (full 7):
 garbage-first heap   total 163840K, used 49070K [0x00000000c0000000, 0x0000000100000000)
  region size 1024K, 3 young (3072K), 3 survivors (3072K)
 Metaspace       used 9774K, committed 9984K, reserved 1114112K
  class space    used 1426K, committed 1536K, reserved 1048576K
}
Event: 2.869 GC heap before
{Heap before GC invocations=29 (full 7):
 garbage-first heap   total 163840K, used 143278K [0x00000000c0000000, 0x0000000100000000)
  region size 1024K, 95 young (97280K), 3 survivors (3072K)
 Metaspace       used 9784K, committed 9984K, reserved 1114112K
  class space    used 1426K, committed 1536K, reserved 1048576K
}
Event: 2.890 GC heap after
{Heap after GC invocations=30 (full 7):
 garbage-first heap   total 163840K, used 60016K [0x00000000c0000000, 0x0000000100000000)
  region size 1024K, 12 young (12288K), 12 survivors (12288K)
 Metaspace       used 9784K, committed 9984K, reserved 1114112K
  class space    used 1426K, committed 1536K, reserved 1048576K
}
Event: 3.002 GC heap before
{Heap before GC invocations=30 (full 7):
 garbage-first heap   total 163840K, used 138864K [0x00000000c0000000, 0x0000000100000000)
  region size 1024K, 89 young (91136K), 12 survivors (12288K)
 Metaspace       used 9870K, committed 10112K, reserved 1114112K
  class space    used 1463K, committed 1600K, reserved 1048576K
}
Event: 3.021 GC heap after
{Heap after GC invocations=31 (full 7):
 garbage-first heap   total 163840K, used 65698K [0x00000000c0000000, 0x0000000100000000)
  region size 1024K, 9 young (9216K), 9 survivors (9216K)
 Metaspace       used 9870K, committed 10112K, reserved 1114112K
  class space    used 1463K, committed 1600K, reserved 1048576K
}
Event: 3.082 GC heap before
{Heap before GC invocations=31 (full 7):
 garbage-first heap   total 163840K, used 139426K [0x00000000c0000000, 0x0000000100000000)
  region size 1024K, 81 young (82944K), 9 survivors (9216K)
 Metaspace       used 9872K, committed 10112K, reserved 1114112K
  class space    used 1463K, committed 1600K, reserved 1048576K
}
Event: 3.101 GC heap after
{Heap after GC invocations=32 (full 7):
 garbage-first heap   total 163840K, used 75147K [0x00000000c0000000, 0x0000000100000000)
  region size 1024K, 9 young (9216K), 9 survivors (9216K)
 Metaspace       used 9872K, committed 10112K, reserved 1114112K
  class space    used 1463K, committed 1600K, reserved 1048576K
}
Event: 3.151 GC heap before
{Heap before GC invocations=32 (full 7):
 garbage-first heap   total 163840K, used 141707K [0x00000000c0000000, 0x0000000100000000)
  region size 1024K, 74 young (75776K), 9 survivors (9216K)
 Metaspace       used 9872K, committed 10112K, reserved 1114112K
  class space    used 1463K, committed 1600K, reserved 1048576K
}
Event: 3.169 GC heap after
{Heap after GC invocations=33 (full 7):
 garbage-first heap   total 460800K, used 83390K [0x00000000c0000000, 0x0000000100000000)
  region size 1024K, 9 young (9216K), 9 survivors (9216K)
 Metaspace       used 9872K, committed 10112K, reserved 1114112K
  class space    used 1463K, committed 1600K, reserved 1048576K
}
Event: 3.233 GC heap before
{Heap before GC invocations=33 (full 7):
 garbage-first heap   total 460800K, used 143806K [0x00000000c0000000, 0x0000000100000000)
  region size 1024K, 69 young (70656K), 9 survivors (9216K)
 Metaspace       used 9905K, committed 10176K, reserved 1114112K
  class space    used 1463K, committed 1600K, reserved 1048576K
}

